2021/04/14 04:36:03 [warn] 20#20: *4 an upstream response is buffered to a temporary file /var/cache/nginx/fastcgi_temp/1/00/0000000001 while reading upstream, client: 172.17.0.1, server: resumo.local, request: "GET /api/register HTTP/1.1", upstream: "fastcgi://unix:/run/php/php8.0-fpm.sock:", host: "localhost:8084"
2021/04/14 05:49:34 [emerg] 19#19: "server" directive is not allowed here in /etc/nginx/conf.d/app.conf:38
2021/04/14 05:49:35 [emerg] 23#23: "server" directive is not allowed here in /etc/nginx/conf.d/app.conf:38
2021/04/14 05:49:37 [emerg] 24#24: "server" directive is not allowed here in /etc/nginx/conf.d/app.conf:38
2021/04/14 05:49:40 [emerg] 25#25: "server" directive is not allowed here in /etc/nginx/conf.d/app.conf:38
2021/04/14 06:00:04 [emerg] 18#18: no "ssl_certificate" is defined for the "listen ... ssl" directive in /etc/nginx/conf.d/app.conf:40
2021/04/14 06:00:05 [emerg] 22#22: no "ssl_certificate" is defined for the "listen ... ssl" directive in /etc/nginx/conf.d/app.conf:40
2021/04/14 06:00:07 [emerg] 23#23: no "ssl_certificate" is defined for the "listen ... ssl" directive in /etc/nginx/conf.d/app.conf:40
2021/04/14 06:00:10 [emerg] 24#24: no "ssl_certificate" is defined for the "listen ... ssl" directive in /etc/nginx/conf.d/app.conf:40
2021/04/14 06:00:45 [emerg] 18#18: no "ssl_certificate" is defined for the "listen ... ssl" directive in /etc/nginx/conf.d/app.conf:40
2021/04/14 06:00:46 [emerg] 22#22: no "ssl_certificate" is defined for the "listen ... ssl" directive in /etc/nginx/conf.d/app.conf:40
2021/04/14 06:00:48 [emerg] 23#23: no "ssl_certificate" is defined for the "listen ... ssl" directive in /etc/nginx/conf.d/app.conf:40
2021/04/14 06:00:51 [emerg] 24#24: no "ssl_certificate" is defined for the "listen ... ssl" directive in /etc/nginx/conf.d/app.conf:40
2021/04/14 06:02:10 [emerg] 19#19: no "ssl_certificate" is defined for the "listen ... ssl" directive in /etc/nginx/conf.d/app.conf:40
2021/04/14 06:02:11 [emerg] 23#23: no "ssl_certificate" is defined for the "listen ... ssl" directive in /etc/nginx/conf.d/app.conf:40
2021/04/14 06:02:13 [emerg] 24#24: no "ssl_certificate" is defined for the "listen ... ssl" directive in /etc/nginx/conf.d/app.conf:40
2021/04/14 06:02:16 [emerg] 25#25: no "ssl_certificate" is defined for the "listen ... ssl" directive in /etc/nginx/conf.d/app.conf:40
2021/04/14 06:08:07 [emerg] 18#18: duplicate listen options for [::]:80 in /etc/nginx/conf.d/default.conf:3
2021/04/14 06:08:08 [emerg] 22#22: duplicate listen options for [::]:80 in /etc/nginx/conf.d/default.conf:3
2021/04/14 06:08:10 [emerg] 23#23: duplicate listen options for [::]:80 in /etc/nginx/conf.d/default.conf:3
2021/04/14 06:08:13 [emerg] 24#24: duplicate listen options for [::]:80 in /etc/nginx/conf.d/default.conf:3
2021/04/14 06:09:21 [emerg] 18#18: duplicate listen options for [::]:80 in /etc/nginx/conf.d/default.conf:3
2021/04/14 06:09:22 [emerg] 22#22: duplicate listen options for [::]:80 in /etc/nginx/conf.d/default.conf:3
2021/04/14 06:09:24 [emerg] 23#23: duplicate listen options for [::]:80 in /etc/nginx/conf.d/default.conf:3
2021/04/14 06:09:27 [emerg] 24#24: duplicate listen options for [::]:80 in /etc/nginx/conf.d/default.conf:3
2021/04/14 06:14:45 [warn] 18#18: the "ssl" directive is deprecated, use the "listen ... ssl" directive instead in /etc/nginx/conf.d/app.conf:45
2021/04/14 06:14:45 [emerg] 18#18: cannot load certificate "/etc/nginx/server.crt": BIO_new_file() failed (SSL: error:02001002:system library:fopen:No such file or directory:fopen('/etc/nginx/server.crt','r') error:2006D080:BIO routines:BIO_new_file:no such file)
2021/04/14 06:14:46 [warn] 22#22: the "ssl" directive is deprecated, use the "listen ... ssl" directive instead in /etc/nginx/conf.d/app.conf:45
2021/04/14 06:14:46 [emerg] 22#22: cannot load certificate "/etc/nginx/server.crt": BIO_new_file() failed (SSL: error:02001002:system library:fopen:No such file or directory:fopen('/etc/nginx/server.crt','r') error:2006D080:BIO routines:BIO_new_file:no such file)
2021/04/14 06:14:48 [warn] 23#23: the "ssl" directive is deprecated, use the "listen ... ssl" directive instead in /etc/nginx/conf.d/app.conf:45
2021/04/14 06:14:48 [emerg] 23#23: cannot load certificate "/etc/nginx/server.crt": BIO_new_file() failed (SSL: error:02001002:system library:fopen:No such file or directory:fopen('/etc/nginx/server.crt','r') error:2006D080:BIO routines:BIO_new_file:no such file)
2021/04/14 06:14:51 [warn] 24#24: the "ssl" directive is deprecated, use the "listen ... ssl" directive instead in /etc/nginx/conf.d/app.conf:45
2021/04/14 06:14:51 [emerg] 24#24: cannot load certificate "/etc/nginx/server.crt": BIO_new_file() failed (SSL: error:02001002:system library:fopen:No such file or directory:fopen('/etc/nginx/server.crt','r') error:2006D080:BIO routines:BIO_new_file:no such file)
2021/04/14 06:15:35 [warn] 18#18: the "ssl" directive is deprecated, use the "listen ... ssl" directive instead in /etc/nginx/conf.d/app.conf:7
2021/04/14 06:15:35 [emerg] 18#18: cannot load certificate "/etc/nginx/server.crt": BIO_new_file() failed (SSL: error:02001002:system library:fopen:No such file or directory:fopen('/etc/nginx/server.crt','r') error:2006D080:BIO routines:BIO_new_file:no such file)
2021/04/14 06:15:36 [warn] 22#22: the "ssl" directive is deprecated, use the "listen ... ssl" directive instead in /etc/nginx/conf.d/app.conf:7
2021/04/14 06:15:36 [emerg] 22#22: cannot load certificate "/etc/nginx/server.crt": BIO_new_file() failed (SSL: error:02001002:system library:fopen:No such file or directory:fopen('/etc/nginx/server.crt','r') error:2006D080:BIO routines:BIO_new_file:no such file)
2021/04/14 06:15:38 [warn] 23#23: the "ssl" directive is deprecated, use the "listen ... ssl" directive instead in /etc/nginx/conf.d/app.conf:7
2021/04/14 06:15:38 [emerg] 23#23: cannot load certificate "/etc/nginx/server.crt": BIO_new_file() failed (SSL: error:02001002:system library:fopen:No such file or directory:fopen('/etc/nginx/server.crt','r') error:2006D080:BIO routines:BIO_new_file:no such file)
2021/04/14 06:15:41 [warn] 24#24: the "ssl" directive is deprecated, use the "listen ... ssl" directive instead in /etc/nginx/conf.d/app.conf:7
2021/04/14 06:15:41 [emerg] 24#24: cannot load certificate "/etc/nginx/server.crt": BIO_new_file() failed (SSL: error:02001002:system library:fopen:No such file or directory:fopen('/etc/nginx/server.crt','r') error:2006D080:BIO routines:BIO_new_file:no such file)
2021/04/14 06:51:09 [emerg] 20#20: cannot load certificate "/usr/local/etc/ssl/certs/self-signed.crt": BIO_new_file() failed (SSL: error:02001002:system library:fopen:No such file or directory:fopen('/usr/local/etc/ssl/certs/self-signed.crt','r') error:2006D080:BIO routines:BIO_new_file:no such file)
2021/04/14 06:51:10 [emerg] 24#24: cannot load certificate "/usr/local/etc/ssl/certs/self-signed.crt": BIO_new_file() failed (SSL: error:02001002:system library:fopen:No such file or directory:fopen('/usr/local/etc/ssl/certs/self-signed.crt','r') error:2006D080:BIO routines:BIO_new_file:no such file)
2021/04/14 06:51:12 [emerg] 25#25: cannot load certificate "/usr/local/etc/ssl/certs/self-signed.crt": BIO_new_file() failed (SSL: error:02001002:system library:fopen:No such file or directory:fopen('/usr/local/etc/ssl/certs/self-signed.crt','r') error:2006D080:BIO routines:BIO_new_file:no such file)
2021/04/14 06:51:15 [emerg] 26#26: cannot load certificate "/usr/local/etc/ssl/certs/self-signed.crt": BIO_new_file() failed (SSL: error:02001002:system library:fopen:No such file or directory:fopen('/usr/local/etc/ssl/certs/self-signed.crt','r') error:2006D080:BIO routines:BIO_new_file:no such file)
2021/04/14 06:52:57 [emerg] 18#18: cannot load certificate "/usr/local/etc/ssl/certs/self-signed.crt": BIO_new_file() failed (SSL: error:02001002:system library:fopen:No such file or directory:fopen('/usr/local/etc/ssl/certs/self-signed.crt','r') error:2006D080:BIO routines:BIO_new_file:no such file)
2021/04/14 06:52:58 [emerg] 22#22: cannot load certificate "/usr/local/etc/ssl/certs/self-signed.crt": BIO_new_file() failed (SSL: error:02001002:system library:fopen:No such file or directory:fopen('/usr/local/etc/ssl/certs/self-signed.crt','r') error:2006D080:BIO routines:BIO_new_file:no such file)
2021/04/14 06:53:00 [emerg] 23#23: cannot load certificate "/usr/local/etc/ssl/certs/self-signed.crt": BIO_new_file() failed (SSL: error:02001002:system library:fopen:No such file or directory:fopen('/usr/local/etc/ssl/certs/self-signed.crt','r') error:2006D080:BIO routines:BIO_new_file:no such file)
2021/04/14 06:53:03 [emerg] 24#24: cannot load certificate "/usr/local/etc/ssl/certs/self-signed.crt": BIO_new_file() failed (SSL: error:02001002:system library:fopen:No such file or directory:fopen('/usr/local/etc/ssl/certs/self-signed.crt','r') error:2006D080:BIO routines:BIO_new_file:no such file)
2021/04/14 07:00:16 [emerg] 20#20: cannot load certificate "/usr/local/etc/ssl/certs/self-signed.crt": BIO_new_file() failed (SSL: error:02001002:system library:fopen:No such file or directory:fopen('/usr/local/etc/ssl/certs/self-signed.crt','r') error:2006D080:BIO routines:BIO_new_file:no such file)
2021/04/14 07:00:17 [emerg] 24#24: cannot load certificate "/usr/local/etc/ssl/certs/self-signed.crt": BIO_new_file() failed (SSL: error:02001002:system library:fopen:No such file or directory:fopen('/usr/local/etc/ssl/certs/self-signed.crt','r') error:2006D080:BIO routines:BIO_new_file:no such file)
2021/04/14 07:00:19 [emerg] 25#25: cannot load certificate "/usr/local/etc/ssl/certs/self-signed.crt": BIO_new_file() failed (SSL: error:02001002:system library:fopen:No such file or directory:fopen('/usr/local/etc/ssl/certs/self-signed.crt','r') error:2006D080:BIO routines:BIO_new_file:no such file)
2021/04/14 07:00:22 [emerg] 26#26: cannot load certificate "/usr/local/etc/ssl/certs/self-signed.crt": BIO_new_file() failed (SSL: error:02001002:system library:fopen:No such file or directory:fopen('/usr/local/etc/ssl/certs/self-signed.crt','r') error:2006D080:BIO routines:BIO_new_file:no such file)
2021/04/14 07:10:46 [emerg] 18#18: cannot load certificate "/usr/local/etc/ssl/certs/self-signed.crt": BIO_new_file() failed (SSL: error:02001002:system library:fopen:No such file or directory:fopen('/usr/local/etc/ssl/certs/self-signed.crt','r') error:2006D080:BIO routines:BIO_new_file:no such file)
2021/04/14 07:10:47 [emerg] 22#22: cannot load certificate "/usr/local/etc/ssl/certs/self-signed.crt": BIO_new_file() failed (SSL: error:02001002:system library:fopen:No such file or directory:fopen('/usr/local/etc/ssl/certs/self-signed.crt','r') error:2006D080:BIO routines:BIO_new_file:no such file)
2021/04/14 07:10:49 [emerg] 23#23: cannot load certificate "/usr/local/etc/ssl/certs/self-signed.crt": BIO_new_file() failed (SSL: error:02001002:system library:fopen:No such file or directory:fopen('/usr/local/etc/ssl/certs/self-signed.crt','r') error:2006D080:BIO routines:BIO_new_file:no such file)
2021/04/14 07:10:52 [emerg] 24#24: cannot load certificate "/usr/local/etc/ssl/certs/self-signed.crt": BIO_new_file() failed (SSL: error:02001002:system library:fopen:No such file or directory:fopen('/usr/local/etc/ssl/certs/self-signed.crt','r') error:2006D080:BIO routines:BIO_new_file:no such file)
2021/04/14 07:23:08 [emerg] 18#18: cannot load certificate "/usr/local/etc/ssl/certs/self-signed.crt": BIO_new_file() failed (SSL: error:02001002:system library:fopen:No such file or directory:fopen('/usr/local/etc/ssl/certs/self-signed.crt','r') error:2006D080:BIO routines:BIO_new_file:no such file)
2021/04/14 07:23:09 [emerg] 22#22: cannot load certificate "/usr/local/etc/ssl/certs/self-signed.crt": BIO_new_file() failed (SSL: error:02001002:system library:fopen:No such file or directory:fopen('/usr/local/etc/ssl/certs/self-signed.crt','r') error:2006D080:BIO routines:BIO_new_file:no such file)
2021/04/14 07:23:11 [emerg] 23#23: cannot load certificate "/usr/local/etc/ssl/certs/self-signed.crt": BIO_new_file() failed (SSL: error:02001002:system library:fopen:No such file or directory:fopen('/usr/local/etc/ssl/certs/self-signed.crt','r') error:2006D080:BIO routines:BIO_new_file:no such file)
2021/04/14 07:23:14 [emerg] 31#31: cannot load certificate "/usr/local/etc/ssl/certs/self-signed.crt": BIO_new_file() failed (SSL: error:02001002:system library:fopen:No such file or directory:fopen('/usr/local/etc/ssl/certs/self-signed.crt','r') error:2006D080:BIO routines:BIO_new_file:no such file)
2021/04/14 07:28:47 [emerg] 18#18: no "ssl_certificate" is defined for the "listen ... ssl" directive in /etc/nginx/conf.d/app.conf:1
2021/04/14 07:28:48 [emerg] 22#22: no "ssl_certificate" is defined for the "listen ... ssl" directive in /etc/nginx/conf.d/app.conf:1
2021/04/14 07:28:50 [emerg] 23#23: no "ssl_certificate" is defined for the "listen ... ssl" directive in /etc/nginx/conf.d/app.conf:1
2021/04/14 07:28:53 [emerg] 24#24: no "ssl_certificate" is defined for the "listen ... ssl" directive in /etc/nginx/conf.d/app.conf:1
2021/04/14 08:23:11 [emerg] 20#20: cannot load certificate "/opt/cert/certificate.crt": BIO_new_file() failed (SSL: error:02001002:system library:fopen:No such file or directory:fopen('/opt/cert/certificate.crt','r') error:2006D080:BIO routines:BIO_new_file:no such file)
2021/04/14 08:23:13 [emerg] 24#24: cannot load certificate "/opt/cert/certificate.crt": BIO_new_file() failed (SSL: error:02001002:system library:fopen:No such file or directory:fopen('/opt/cert/certificate.crt','r') error:2006D080:BIO routines:BIO_new_file:no such file)
2021/04/14 08:23:15 [emerg] 25#25: cannot load certificate "/opt/cert/certificate.crt": BIO_new_file() failed (SSL: error:02001002:system library:fopen:No such file or directory:fopen('/opt/cert/certificate.crt','r') error:2006D080:BIO routines:BIO_new_file:no such file)
2021/04/14 08:23:18 [emerg] 26#26: cannot load certificate "/opt/cert/certificate.crt": BIO_new_file() failed (SSL: error:02001002:system library:fopen:No such file or directory:fopen('/opt/cert/certificate.crt','r') error:2006D080:BIO routines:BIO_new_file:no such file)
2021/04/14 08:28:14 [emerg] 19#19: cannot load certificate "/opt/cert/certificate.crt": BIO_new_file() failed (SSL: error:02001002:system library:fopen:No such file or directory:fopen('/opt/cert/certificate.crt','r') error:2006D080:BIO routines:BIO_new_file:no such file)
2021/04/14 08:28:15 [emerg] 23#23: cannot load certificate "/opt/cert/certificate.crt": BIO_new_file() failed (SSL: error:02001002:system library:fopen:No such file or directory:fopen('/opt/cert/certificate.crt','r') error:2006D080:BIO routines:BIO_new_file:no such file)
2021/04/14 08:28:17 [emerg] 24#24: cannot load certificate "/opt/cert/certificate.crt": BIO_new_file() failed (SSL: error:02001002:system library:fopen:No such file or directory:fopen('/opt/cert/certificate.crt','r') error:2006D080:BIO routines:BIO_new_file:no such file)
2021/04/14 08:28:20 [emerg] 25#25: cannot load certificate "/opt/cert/certificate.crt": BIO_new_file() failed (SSL: error:02001002:system library:fopen:No such file or directory:fopen('/opt/cert/certificate.crt','r') error:2006D080:BIO routines:BIO_new_file:no such file)
2021/04/14 08:59:39 [emerg] 18#18: cannot load certificate "/opt/cert/certificate.crt": BIO_new_file() failed (SSL: error:02001002:system library:fopen:No such file or directory:fopen('/opt/cert/certificate.crt','r') error:2006D080:BIO routines:BIO_new_file:no such file)
2021/04/14 08:59:40 [emerg] 22#22: cannot load certificate "/opt/cert/certificate.crt": BIO_new_file() failed (SSL: error:02001002:system library:fopen:No such file or directory:fopen('/opt/cert/certificate.crt','r') error:2006D080:BIO routines:BIO_new_file:no such file)
2021/04/14 08:59:42 [emerg] 23#23: cannot load certificate "/opt/cert/certificate.crt": BIO_new_file() failed (SSL: error:02001002:system library:fopen:No such file or directory:fopen('/opt/cert/certificate.crt','r') error:2006D080:BIO routines:BIO_new_file:no such file)
2021/04/14 08:59:45 [emerg] 24#24: cannot load certificate "/opt/cert/certificate.crt": BIO_new_file() failed (SSL: error:02001002:system library:fopen:No such file or directory:fopen('/opt/cert/certificate.crt','r') error:2006D080:BIO routines:BIO_new_file:no such file)
2021/04/14 09:03:49 [emerg] 546#546: cannot load certificate "/opt/cert/certificate.crt": BIO_new_file() failed (SSL: error:02001002:system library:fopen:No such file or directory:fopen('/opt/cert/certificate.crt','r') error:2006D080:BIO routines:BIO_new_file:no such file)
2021/04/14 09:36:33 [emerg] 18#18: cannot load certificate "/opt/cert/certificate.crt": BIO_new_file() failed (SSL: error:02001002:system library:fopen:No such file or directory:fopen('/opt/cert/certificate.crt','r') error:2006D080:BIO routines:BIO_new_file:no such file)
2021/04/14 09:36:34 [emerg] 22#22: cannot load certificate "/opt/cert/certificate.crt": BIO_new_file() failed (SSL: error:02001002:system library:fopen:No such file or directory:fopen('/opt/cert/certificate.crt','r') error:2006D080:BIO routines:BIO_new_file:no such file)
2021/04/14 09:36:36 [emerg] 23#23: cannot load certificate "/opt/cert/certificate.crt": BIO_new_file() failed (SSL: error:02001002:system library:fopen:No such file or directory:fopen('/opt/cert/certificate.crt','r') error:2006D080:BIO routines:BIO_new_file:no such file)
2021/04/14 09:36:39 [emerg] 24#24: cannot load certificate "/opt/cert/certificate.crt": BIO_new_file() failed (SSL: error:02001002:system library:fopen:No such file or directory:fopen('/opt/cert/certificate.crt','r') error:2006D080:BIO routines:BIO_new_file:no such file)
2021/04/14 09:39:27 [emerg] 42#42: cannot load certificate "/opt/cert/certificate.crt": BIO_new_file() failed (SSL: error:02001002:system library:fopen:No such file or directory:fopen('/opt/cert/certificate.crt','r') error:2006D080:BIO routines:BIO_new_file:no such file)
2021/04/14 09:55:54 [emerg] 17#17: cannot load certificate "/opt/cert/certificate.crt": BIO_new_file() failed (SSL: error:02001002:system library:fopen:No such file or directory:fopen('/opt/cert/certificate.crt','r') error:2006D080:BIO routines:BIO_new_file:no such file)
2021/04/14 09:55:55 [emerg] 21#21: cannot load certificate "/opt/cert/certificate.crt": BIO_new_file() failed (SSL: error:02001002:system library:fopen:No such file or directory:fopen('/opt/cert/certificate.crt','r') error:2006D080:BIO routines:BIO_new_file:no such file)
2021/04/14 09:55:57 [emerg] 22#22: cannot load certificate "/opt/cert/certificate.crt": BIO_new_file() failed (SSL: error:02001002:system library:fopen:No such file or directory:fopen('/opt/cert/certificate.crt','r') error:2006D080:BIO routines:BIO_new_file:no such file)
2021/04/14 09:56:00 [emerg] 23#23: cannot load certificate "/opt/cert/certificate.crt": BIO_new_file() failed (SSL: error:02001002:system library:fopen:No such file or directory:fopen('/opt/cert/certificate.crt','r') error:2006D080:BIO routines:BIO_new_file:no such file)
2021/04/14 10:03:34 [emerg] 17#17: cannot load certificate "/opt/cert/server.crt": BIO_new_file() failed (SSL: error:02001002:system library:fopen:No such file or directory:fopen('/opt/cert/server.crt','r') error:2006D080:BIO routines:BIO_new_file:no such file)
2021/04/14 10:03:36 [emerg] 21#21: cannot load certificate "/opt/cert/server.crt": BIO_new_file() failed (SSL: error:02001002:system library:fopen:No such file or directory:fopen('/opt/cert/server.crt','r') error:2006D080:BIO routines:BIO_new_file:no such file)
2021/04/14 10:03:38 [emerg] 22#22: cannot load certificate "/opt/cert/server.crt": BIO_new_file() failed (SSL: error:02001002:system library:fopen:No such file or directory:fopen('/opt/cert/server.crt','r') error:2006D080:BIO routines:BIO_new_file:no such file)
2021/04/14 10:03:41 [emerg] 23#23: cannot load certificate "/opt/cert/server.crt": BIO_new_file() failed (SSL: error:02001002:system library:fopen:No such file or directory:fopen('/opt/cert/server.crt','r') error:2006D080:BIO routines:BIO_new_file:no such file)
2021/04/15 04:28:09 [warn] 19#19: *44 an upstream response is buffered to a temporary file /var/cache/nginx/fastcgi_temp/1/00/0000000001 while reading upstream, client: 172.17.0.1, server: resumo.leo-system.com, request: "POST /api/support HTTP/1.1", upstream: "fastcgi://unix:/run/php/php8.0-fpm.sock:", host: "resumo.leo-system.com"
2021/04/15 04:41:21 [warn] 19#19: *65 an upstream response is buffered to a temporary file /var/cache/nginx/fastcgi_temp/2/00/0000000002 while reading upstream, client: 172.17.0.1, server: resumo.leo-system.com, request: "POST /api/login_request_mobile HTTP/1.1", upstream: "fastcgi://unix:/run/php/php8.0-fpm.sock:", host: "resumo.leo-system.com"
2021/04/15 04:42:49 [warn] 19#19: *68 an upstream response is buffered to a temporary file /var/cache/nginx/fastcgi_temp/3/00/0000000003 while reading upstream, client: 172.17.0.1, server: resumo.leo-system.com, request: "POST /api/login_request_mobile HTTP/1.1", upstream: "fastcgi://unix:/run/php/php8.0-fpm.sock:", host: "resumo.leo-system.com"
2021/04/15 04:46:19 [warn] 19#19: *72 an upstream response is buffered to a temporary file /var/cache/nginx/fastcgi_temp/4/00/0000000004 while reading upstream, client: 172.17.0.1, server: resumo.leo-system.com, request: "POST /api/login_request_mobile HTTP/1.1", upstream: "fastcgi://unix:/run/php/php8.0-fpm.sock:", host: "resumo.leo-system.com"
2021/04/15 04:52:03 [warn] 19#19: *77 an upstream response is buffered to a temporary file /var/cache/nginx/fastcgi_temp/5/00/0000000005 while reading upstream, client: 172.17.0.1, server: resumo.leo-system.com, request: "POST /api/login_request_mobile HTTP/1.1", upstream: "fastcgi://unix:/run/php/php8.0-fpm.sock:", host: "resumo.leo-system.com"
2021/04/15 05:00:47 [warn] 20#20: *4 an upstream response is buffered to a temporary file /var/cache/nginx/fastcgi_temp/1/00/0000000001 while reading upstream, client: 172.17.0.1, server: resumo.leo-system.com, request: "POST /api/login_request_mobile HTTP/1.1", upstream: "fastcgi://unix:/run/php/php8.0-fpm.sock:", host: "resumo.leo-system.com"
2021/04/15 05:11:27 [warn] 20#20: *1 an upstream response is buffered to a temporary file /var/cache/nginx/fastcgi_temp/1/00/0000000001 while reading upstream, client: 172.17.0.1, server: resumo.leo-system.com, request: "GET /api/register HTTP/1.1", upstream: "fastcgi://unix:/run/php/php8.0-fpm.sock:", host: "resumo.leo-system.com"
2021/04/15 05:20:56 [warn] 20#20: *8 an upstream response is buffered to a temporary file /var/cache/nginx/fastcgi_temp/2/00/0000000002 while reading upstream, client: 172.17.0.1, server: resumo.leo-system.com, request: "POST /api/login_request_mobile HTTP/1.1", upstream: "fastcgi://unix:/run/php/php8.0-fpm.sock:", host: "resumo.leo-system.com"
2021/04/15 05:33:57 [warn] 20#20: *10 an upstream response is buffered to a temporary file /var/cache/nginx/fastcgi_temp/3/00/0000000003 while reading upstream, client: 172.17.0.1, server: resumo.leo-system.com, request: "POST /api/login_request_mobile HTTP/1.1", upstream: "fastcgi://unix:/run/php/php8.0-fpm.sock:", host: "resumo.leo-system.com"
2021/04/15 05:35:04 [warn] 20#20: *12 an upstream response is buffered to a temporary file /var/cache/nginx/fastcgi_temp/4/00/0000000004 while reading upstream, client: 172.17.0.1, server: resumo.leo-system.com, request: "POST /api/login_request_mobile HTTP/1.1", upstream: "fastcgi://unix:/run/php/php8.0-fpm.sock:", host: "resumo.leo-system.com"
2021/04/15 05:36:27 [warn] 20#20: *14 an upstream response is buffered to a temporary file /var/cache/nginx/fastcgi_temp/5/00/0000000005 while reading upstream, client: 172.17.0.1, server: resumo.leo-system.com, request: "POST /api/login_request_mobile HTTP/1.1", upstream: "fastcgi://unix:/run/php/php8.0-fpm.sock:", host: "resumo.leo-system.com"
2021/04/15 06:45:43 [warn] 20#20: *15 an upstream response is buffered to a temporary file /var/cache/nginx/fastcgi_temp/1/00/0000000001 while reading upstream, client: 172.17.0.1, server: resumo.leo-system.com, request: "POST /api/login_request_email?email=hieuhanufit@gmail.com HTTP/1.1", upstream: "fastcgi://unix:/run/php/php8.0-fpm.sock:", host: "resumo.leo-system.com"
2021/04/15 09:34:20 [warn] 20#20: *29 an upstream response is buffered to a temporary file /var/cache/nginx/fastcgi_temp/2/00/0000000002 while reading upstream, client: 172.17.0.1, server: resumo.leo-system.com, request: "POST /api/login_request_mobile HTTP/1.1", upstream: "fastcgi://unix:/run/php/php8.0-fpm.sock:", host: "resumo.leo-system.com"
2021/04/15 10:35:47 [warn] 20#20: *31 an upstream response is buffered to a temporary file /var/cache/nginx/fastcgi_temp/3/00/0000000003 while reading upstream, client: 172.17.0.1, server: resumo.leo-system.com, request: "POST /api/login_request_mobile?phone_number=0335141096 HTTP/1.1", upstream: "fastcgi://unix:/run/php/php8.0-fpm.sock:", host: "resumo.leo-system.com"
